  Drone.cpp
  Lab 8-11.cpp
  MyExceptionList.cpp
  Phone.cpp
C:\Users\Teona Tanasa\Desktop\Lab 8-11\Lab 8-11\Phone.cpp(34,20): warning C4018: '<': signed/unsigned mismatch
C:\Users\Teona Tanasa\Desktop\Lab 8-11\Lab 8-11\Phone.cpp(60,20): warning C4018: '<': signed/unsigned mismatch
C:\Users\Teona Tanasa\Desktop\Lab 8-11\Lab 8-11\Phone.cpp(70,20): warning C4018: '<': signed/unsigned mismatch
C:\Users\Teona Tanasa\Desktop\Lab 8-11\Lab 8-11\Phone.cpp(88,20): warning C4018: '<': signed/unsigned mismatch
  RepositoryFileCSV.cpp
  RepositoryFileCustom.cpp
  SerializerSeries.cpp
  Series.cpp
  Service.cpp
  TestsDomain.cpp
  TestsRepository.cpp
  TestsService.cpp
  UI.cpp
C:\Users\Teona Tanasa\Desktop\Lab 8-11\Lab 8-11\UI.cpp(107,22): warning C4018: '<': signed/unsigned mismatch
C:\Users\Teona Tanasa\Desktop\Lab 8-11\Lab 8-11\UI.cpp(121,22): warning C4018: '<': signed/unsigned mismatch
  User.cpp
  Utils.cpp
  Compiling...
  Generating Code...
C:\Users\Teona Tanasa\Desktop\Lab 8-11\Lab 8-11\SerializerSeries.cpp(22): warning C4715: 'SerializerSeries::fromString': not all control paths return a value
  Lab 8-11.vcxproj -> C:\Users\Teona Tanasa\Desktop\Lab 8-11\Debug\Lab 8-11.exe
C:\Users\Teona Tanasa\Desktop\Lab 8-11\Lab 8-11\RepositoryFileCSV.h(26): warning C26495: Variable 'RepositoryFileCSV<Series *>::s' is uninitialized. Always initialize a member variable (type.6).
