c:\users\teona tanasa\desktop\lab 8-11\lab 8-11\debug\vc142.pdb
c:\users\teona tanasa\desktop\lab 8-11\lab 8-11\debug\vc142.idb
c:\users\teona tanasa\desktop\lab 8-11\lab 8-11\debug\utils.obj
c:\users\teona tanasa\desktop\lab 8-11\lab 8-11\debug\series.obj
c:\users\teona tanasa\desktop\lab 8-11\lab 8-11\debug\phone.obj
c:\users\teona tanasa\desktop\lab 8-11\lab 8-11\debug\myexceptionlist.obj
c:\users\teona tanasa\desktop\lab 8-11\lab 8-11\debug\drone.obj
c:\users\teona tanasa\desktop\lab 8-11\lab 8-11\debug\user.obj
c:\users\teona tanasa\desktop\lab 8-11\lab 8-11\debug\testsdomain.obj
c:\users\teona tanasa\desktop\lab 8-11\lab 8-11\debug\lab 8-11.obj
c:\users\teona tanasa\desktop\lab 8-11\lab 8-11\debug\serializerseries.obj
c:\users\teona tanasa\desktop\lab 8-11\lab 8-11\debug\testsrepository.obj
c:\users\teona tanasa\desktop\lab 8-11\lab 8-11\debug\repositoryfilecsv.obj
c:\users\teona tanasa\desktop\lab 8-11\lab 8-11\debug\repositoryfilecustom.obj
c:\users\teona tanasa\desktop\lab 8-11\lab 8-11\debug\testsservice.obj
c:\users\teona tanasa\desktop\lab 8-11\lab 8-11\debug\service.obj
c:\users\teona tanasa\desktop\lab 8-11\lab 8-11\debug\ui.obj
c:\users\teona tanasa\desktop\lab 8-11\debug\lab 8-11.exe
c:\users\teona tanasa\desktop\lab 8-11\debug\lab 8-11.ilk
c:\users\teona tanasa\desktop\lab 8-11\debug\lab 8-11.pdb
c:\users\teona tanasa\desktop\lab 8-11\lab 8-11\debug\series.new.obj.enc
c:\users\teona tanasa\desktop\lab 8-11\lab 8-11\debug\testsrepository.new.obj.enc
c:\users\teona tanasa\desktop\lab 8-11\lab 8-11\debug\lab 8-11.tlog\cl.command.1.tlog
c:\users\teona tanasa\desktop\lab 8-11\lab 8-11\debug\lab 8-11.tlog\cl.read.1.tlog
c:\users\teona tanasa\desktop\lab 8-11\lab 8-11\debug\lab 8-11.tlog\cl.write.1.tlog
c:\users\teona tanasa\desktop\lab 8-11\lab 8-11\debug\lab 8-11.tlog\link.command.1.tlog
c:\users\teona tanasa\desktop\lab 8-11\lab 8-11\debug\lab 8-11.tlog\link.read.1.tlog
c:\users\teona tanasa\desktop\lab 8-11\lab 8-11\debug\lab 8-11.tlog\link.write.1.tlog
